-------------------------------------------------------------------------------
Test set: com.microservices.user.filter.JwtAuthenticationFilterTest
-------------------------------------------------------------------------------
Tests run: 8, Failures: 0, Errors: 1, Skipped: 0, Time elapsed: 0.042 s <<< FAILURE! -- in com.microservices.user.filter.JwtAuthenticationFilterTest
com.microservices.user.filter.JwtAuthenticationFilterTest.doFilterInternal_returns200WithAuthResponse_forValidCredentials -- Time elapsed: 0.008 s <<< ERROR!
com.fasterxml.jackson.databind.exc.UnrecognizedPropertyException: 
Unrecognized field "token" (class com.microservices.user.dto.AuthResponse), not marked as ignorable (5 known properties: "expiresIn", "tokenType", "accessToken", "refreshToken", "user"])
 at [Source: (String)"{"accessToken":"access-token-123","refreshToken":"refresh-token-abc","tokenType":"Bearer","expiresIn":900,"user":{"id":"374aac66-6339-4dc8-8c15-262631ae6db7","name":null,"email":"user@example.com","role":"Customer","branchId":null,"createdAt":null,"active":true,"isActive":true},"token":"access-token-123"}"; line: 1, column: 289] (through reference chain: com.microservices.user.dto.AuthResponse["token"])
	at com.fasterxml.jackson.databind.exc.UnrecognizedPropertyException.from(UnrecognizedPropertyException.java:61)
	at com.fasterxml.jackson.databind.DeserializationContext.handleUnknownProperty(DeserializationContext.java:1138)
	at com.fasterxml.jackson.databind.deser.std.StdDeserializer.handleUnknownProperty(StdDeserializer.java:2224)
	at com.fasterxml.jackson.databind.deser.BeanDeserializerBase.handleUnknownProperty(BeanDeserializerBase.java:1719)
	at com.fasterxml.jackson.databind.deser.BeanDeserializerBase.handleUnknownVanilla(BeanDeserializerBase.java:1697)
	at com.fasterxml.jackson.databind.deser.BeanDeserializer.vanillaDeserialize(BeanDeserializer.java:320)
	at com.fasterxml.jackson.databind.deser.BeanDeserializer.deserialize(BeanDeserializer.java:177)
	at com.fasterxml.jackson.databind.deser.DefaultDeserializationContext.readRootValue(DefaultDeserializationContext.java:323)
	at com.fasterxml.jackson.databind.ObjectMapper._readMapAndClose(ObjectMapper.java:4825)
	at com.fasterxml.jackson.databind.ObjectMapper.readValue(ObjectMapper.java:3772)
	at com.fasterxml.jackson.databind.ObjectMapper.readValue(ObjectMapper.java:3740)
	at com.microservices.user.filter.JwtAuthenticationFilterTest.doFilterInternal_returns200WithAuthResponse_forValidCredentials(JwtAuthenticationFilterTest.java:127)
	at java.base/java.lang.reflect.Method.invoke(Method.java:565)
	at java.base/java.util.ArrayList.forEach(ArrayList.java:1604)
	at java.base/java.util.ArrayList.forEach(ArrayList.java:1604)

